###############################################################################
#                                                                             #
# IAR C/C++ Compiler V8.10.1.10194/W32 for 8051         03/Dec/2019  16:46:32 #
# Copyright 2004-2011 IAR Systems AB.                                         #
#                                                                             #
#    Core               =  plain                                              #
#    Code model         =  banked                                             #
#    Data model         =  large                                              #
#    Calling convention =  xdata reentrant                                    #
#    Constant location  =  data_rom                                           #
#    Dptr setup         =  1,16                                               #
#    Source file        =  C:\Users\25814\Desktop\2020±ÏÉè\¿µè÷ìÚ_Á¸²Ö\Compon #
#                          ents\mac\low_level\srf04\single_chip\mac_rffronten #
#                          d.c                                                #
#    Command line       =  -f C:\Users\25814\Desktop\2020±ÏÉè\¿µè÷ìÚ_Á¸²Ö\Pro #
#                          jects\zstack\Samples\SampleApp\CC2530DB\..\..\..\T #
#                          ools\CC2530DB\f8wCoord.cfg (-DCPU32MHZ             #
#                          -DROOT=__near_func -DMAC_CFG_APP_PENDING_QUEUE=TRU #
#                          E -DMAC_CFG_TX_DATA_MAX=5 -DMAC_CFG_TX_MAX=8       #
#                          -DMAC_CFG_RX_MAX=5 -DZDO_COORDINATOR -DRTR_NWK)    #
#                          -f C:\Users\25814\Desktop\2020±ÏÉè\¿µè÷ìÚ_Á¸²Ö\Pro #
#                          jects\zstack\Samples\SampleApp\CC2530DB\..\..\..\T #
#                          ools\CC2530DB\f8wConfig.cfg (-DZIGBEEPRO           #
#                          -DSECURE=0 -DZG_SECURE_DYNAMIC=0 -DREFLECTOR       #
#                          -DDEFAULT_CHANLIST=0x00000800                      #
#                          -DZDAPP_CONFIG_PAN_ID=0xFFF1                       #
#                          -DNWK_START_DELAY=100 -DEXTENDED_JOINING_RANDOM_MA #
#                          SK=0x007F -DBEACON_REQUEST_DELAY=100               #
#                          -DBEACON_REQ_DELAY_MASK=0x00FF                     #
#                          -DLINK_STATUS_JITTER_MASK=0x007F                   #
#                          -DROUTE_EXPIRY_TIME=30 -DAPSC_ACK_WAIT_DURATION_PO #
#                          LLED=3000 -DNWK_INDIRECT_MSG_TIMEOUT=7             #
#                          -DMAX_RREQ_ENTRIES=8 -DAPSC_MAX_FRAME_RETRIES=3    #
#                          -DNWK_MAX_DATA_RETRIES=2                           #
#                          -DMAX_POLL_FAILURE_RETRIES=2 -DMAX_BCAST=9         #
#                          -DAPS_MAX_GROUPS=16 -DMAX_RTG_ENTRIES=40           #
#                          -DNWK_MAX_BINDING_ENTRIES=4                        #
#                          -DMAX_BINDING_CLUSTER_IDS=4 "-DDEFAULT_KEY={0x01,  #
#                          0x03, 0x05, 0x07, 0x09, 0x0B, 0x0D, 0x0F, 0x00,    #
#                          0x02, 0x04, 0x06, 0x08, 0x0A, 0x0C, 0x0D}"         #
#                          -DMAC_MAX_FRAME_SIZE=116                           #
#                          -DZDNWKMGR_MIN_TRANSMISSIONS=20 "-DCONST=const     #
#                          __code" -DGENERIC=__generic                        #
#                          -DRFD_RCVC_ALWAYS_ON=FALSE -DPOLL_RATE=1000        #
#                          -DQUEUED_POLL_RATE=100 -DRESPONSE_POLL_RATE=100)   #
#                          -DREJOIN_POLL_RATE=440 C:\Users\25814\Desktop\2020 #
#                          ±ÏÉè\¿µè÷ìÚ_Á¸²Ö\Components\mac\low_level\srf04\si #
#                          ngle_chip\mac_rffrontend.c -D ZAPP_P1 -D MT_TASK   #
#                          -D MT_SYS_FUNC -D MT_ZDO_FUNC -D                   #
#                          LCD_SUPPORTED=DEBUG -lC C:\Users\25814\Desktop\202 #
#                          0±ÏÉè\¿µè÷ìÚ_Á¸²Ö\Projects\zstack\Samples\SampleAp #
#                          p\CC2530DB\CoordinatorEB\List\ -lA                 #
#                          C:\Users\25814\Desktop\2020±ÏÉè\¿µè÷ìÚ_Á¸²Ö\Projec #
#                          ts\zstack\Samples\SampleApp\CC2530DB\CoordinatorEB #
#                          \List\ --diag_suppress Pe001,Pa010 -o              #
#                          C:\Users\25814\Desktop\2020±ÏÉè\¿µè÷ìÚ_Á¸²Ö\Projec #
#                          ts\zstack\Samples\SampleApp\CC2530DB\CoordinatorEB #
#                          \Obj\ -e --no_code_motion --debug --core=plain     #
#                          --dptr=16,1 --data_model=large                     #
#                          --code_model=banked --calling_convention=xdata_ree #
#                          ntrant --place_constants=data_rom                  #
#                          --nr_virtual_regs 16 -I C:\Users\25814\Desktop\202 #
#                          0±ÏÉè\¿µè÷ìÚ_Á¸²Ö\Projects\zstack\Samples\SampleAp #
#                          p\CC2530DB\ -I C:\Users\25814\Desktop\2020±ÏÉè\¿µè #
#                          ÷ìÚ_Á¸²Ö\Projects\zstack\Samples\SampleApp\CC2530D #
#                          B\..\Source\ -I C:\Users\25814\Desktop\2020±ÏÉè\¿µ #
#                          è÷ìÚ_Á¸²Ö\Projects\zstack\Samples\SampleApp\CC2530 #
#                          DB\..\..\..\ZMain\TI2530DB\ -I                     #
#                          C:\Users\25814\Desktop\2020±ÏÉè\¿µè÷ìÚ_Á¸²Ö\Projec #
#                          ts\zstack\Samples\SampleApp\CC2530DB\..\..\..\..\. #
#                          .\Components\hal\include\ -I                       #
#                          C:\Users\25814\Desktop\2020±ÏÉè\¿µè÷ìÚ_Á¸²Ö\Projec #
#                          ts\zstack\Samples\SampleApp\CC2530DB\..\..\..\..\. #
#                          .\Components\hal\target\CC2530EB\ -I               #
#                          C:\Users\25814\Desktop\2020±ÏÉè\¿µè÷ìÚ_Á¸²Ö\Projec #
#                          ts\zstack\Samples\SampleApp\CC2530DB\..\..\..\..\. #
#                          .\Components\mac\include\ -I                       #
#                          C:\Users\25814\Desktop\2020±ÏÉè\¿µè÷ìÚ_Á¸²Ö\Projec #
#                          ts\zstack\Samples\SampleApp\CC2530DB\..\..\..\..\. #
#                          .\Components\mac\high_level\ -I                    #
#                          C:\Users\25814\Desktop\2020±ÏÉè\¿µè÷ìÚ_Á¸²Ö\Projec #
#                          ts\zstack\Samples\SampleApp\CC2530DB\..\..\..\..\. #
#                          .\Components\mac\low_level\srf04\ -I               #
#                          C:\Users\25814\Desktop\2020±ÏÉè\¿µè÷ìÚ_Á¸²Ö\Projec #
#                          ts\zstack\Samples\SampleApp\CC2530DB\..\..\..\..\. #
#                          .\Components\mac\low_level\srf04\single_chip\ -I   #
#                          C:\Users\25814\Desktop\2020±ÏÉè\¿µè÷ìÚ_Á¸²Ö\Projec #
#                          ts\zstack\Samples\SampleApp\CC2530DB\..\..\..\..\. #
#                          .\Components\mt\ -I C:\Users\25814\Desktop\2020±ÏÉ #
#                          è\¿µè÷ìÚ_Á¸²Ö\Projects\zstack\Samples\SampleApp\CC #
#                          2530DB\..\..\..\..\..\Components\osal\include\ -I  #
#                          C:\Users\25814\Desktop\2020±ÏÉè\¿µè÷ìÚ_Á¸²Ö\Projec #
#                          ts\zstack\Samples\SampleApp\CC2530DB\..\..\..\..\. #
#                          .\Components\services\saddr\ -I                    #
#                          C:\Users\25814\Desktop\2020±ÏÉè\¿µè÷ìÚ_Á¸²Ö\Projec #
#                          ts\zstack\Samples\SampleApp\CC2530DB\..\..\..\..\. #
#                          .\Components\services\sdata\ -I                    #
#                          C:\Users\25814\Desktop\2020±ÏÉè\¿µè÷ìÚ_Á¸²Ö\Projec #
#                          ts\zstack\Samples\SampleApp\CC2530DB\..\..\..\..\. #
#                          .\Components\stack\af\ -I                          #
#                          C:\Users\25814\Desktop\2020±ÏÉè\¿µè÷ìÚ_Á¸²Ö\Projec #
#                          ts\zstack\Samples\SampleApp\CC2530DB\..\..\..\..\. #
#                          .\Components\stack\nwk\ -I                         #
#                          C:\Users\25814\Desktop\2020±ÏÉè\¿µè÷ìÚ_Á¸²Ö\Projec #
#                          ts\zstack\Samples\SampleApp\CC2530DB\..\..\..\..\. #
#                          .\Components\stack\sapi\ -I                        #
#                          C:\Users\25814\Desktop\2020±ÏÉè\¿µè÷ìÚ_Á¸²Ö\Projec #
#                          ts\zstack\Samples\SampleApp\CC2530DB\..\..\..\..\. #
#                          .\Components\stack\sec\ -I                         #
#                          C:\Users\25814\Desktop\2020±ÏÉè\¿µè÷ìÚ_Á¸²Ö\Projec #
#                          ts\zstack\Samples\SampleApp\CC2530DB\..\..\..\..\. #
#                          .\Components\stack\sys\ -I                         #
#                          C:\Users\25814\Desktop\2020±ÏÉè\¿µè÷ìÚ_Á¸²Ö\Projec #
#                          ts\zstack\Samples\SampleApp\CC2530DB\..\..\..\..\. #
#                          .\Components\stack\zdo\ -I                         #
#                          C:\Users\25814\Desktop\2020±ÏÉè\¿µè÷ìÚ_Á¸²Ö\Projec #
#                          ts\zstack\Samples\SampleApp\CC2530DB\..\..\..\..\. #
#                          .\Components\zmac\ -I C:\Users\25814\Desktop\2020± #
#                          ÏÉè\¿µè÷ìÚ_Á¸²Ö\Projects\zstack\Samples\SampleApp\ #
#                          CC2530DB\..\..\..\..\..\Components\zmac\f8w\ -Ohz  #
#    List file          =  C:\Users\25814\Desktop\2020±ÏÉè\¿µè÷ìÚ_Á¸²Ö\Projec #
#                          ts\zstack\Samples\SampleApp\CC2530DB\CoordinatorEB #
#                          \List\mac_rffrontend.lst                           #
#    Object file        =  C:\Users\25814\Desktop\2020±ÏÉè\¿µè÷ìÚ_Á¸²Ö\Projec #
#                          ts\zstack\Samples\SampleApp\CC2530DB\CoordinatorEB #
#                          \Obj\mac_rffrontend.r51                            #
#                                                                             #
#                                                                             #
###############################################################################

C:\Users\25814\Desktop\2020±ÏÉè\¿µè÷ìÚ_Á¸²Ö\Components\mac\low_level\srf04\single_chip\mac_rffrontend.c
      1          /**************************************************************************************************
      2            Filename:       mac_rffrontend.c
      3            Revised:        $Date: 2011-07-12 09:54:47 -0700 (Tue, 12 Jul 2011) $
      4            Revision:       $Revision: 26749 $
      5          
      6            Description:    RF frontend configuration module
      7          
      8          
      9            Copyright 2009-2011 Texas Instruments Incorporated. All rights reserved.
     10          
     11            IMPORTANT: Your use of this Software is limited to those specific rights
     12            granted under the terms of a software license agreement between the user
     13            who downloaded the software, his/her employer (which must be your employer)
     14            and Texas Instruments Incorporated (the "License").  You may not use this
     15            Software unless you agree to abide by the terms of the License. The License
     16            limits your use, and you acknowledge, that the Software may not be modified,
     17            copied or distributed unless embedded on a Texas Instruments microcontroller
     18            or used solely and exclusively in conjunction with a Texas Instruments radio
     19            frequency transceiver, which is integrated into your product.  Other than for
     20            the foregoing purpose, you may not use, reproduce, copy, prepare derivative
     21            works of, modify, distribute, perform, display or sell this Software and/or
     22            its documentation for any purpose.
     23          
     24            YOU FURTHER ACKNOWLEDGE AND AGREE THAT THE SOFTWARE AND DOCUMENTATION ARE
     25            PROVIDED “AS IS” WITHOUT WARRANTY OF ANY KIND, EITHER EXPRESS OR IMPLIED,
     26            INCLUDING WITHOUT LIMITATION, ANY WARRANTY OF MERCHANTABILITY, TITLE,
     27            NON-INFRINGEMENT AND FITNESS FOR A PARTICULAR PURPOSE. IN NO EVENT SHALL
     28            TEXAS INSTRUMENTS OR ITS LICENSORS BE LIABLE OR OBLIGATED UNDER CONTRACT,
     29            NEGLIGENCE, STRICT LIABILITY, CONTRIBUTION, BREACH OF WARRANTY, OR OTHER
     30            LEGAL EQUITABLE THEORY ANY DIRECT OR INDIRECT DAMAGES OR EXPENSES
     31            INCLUDING BUT NOT LIMITED TO ANY INCIDENTAL, SPECIAL, INDIRECT, PUNITIVE
     32            OR CONSEQUENTIAL DAMAGES, LOST PROFITS OR LOST DATA, COST OF PROCUREMENT
     33            OF SUBSTITUTE GOODS, TECHNOLOGY, SERVICES, OR ANY CLAIMS BY THIRD PARTIES
     34            (INCLUDING BUT NOT LIMITED TO ANY DEFENSE THEREOF), OR OTHER SIMILAR COSTS.
     35          
     36            Should you have any questions regarding your right to use this Software,
     37            contact Texas Instruments Incorporated at www.TI.com.
     38          **************************************************************************************************/
     39          
     40          /* ------------------------------------------------------------------------------------------------
     41           *                                             Includes
     42           * ------------------------------------------------------------------------------------------------
     43           */
     44          #include "hal_types.h"
     45          #include "hal_board_cfg.h"
     46          #include "hal_assert.h"
     47          #include "mac_api.h"
     48          #include "mac_radio_defs.h"
     49          
     50          
     51          /* ------------------------------------------------------------------------------------------------
     52           *                                        Global Constants
     53           * ------------------------------------------------------------------------------------------------
     54           */
     55          
     56          /* The following table index definitions are specific to a particular MAC build */
     57          #define MAC_CC2591_TX_PWR_TABLE_IDX   1
     58          #define MAC_CC2590_TX_PWR_TABLE_IDX   2
     59          #define MAC_CC2591_HGM_RSSI_ADJ_IDX   1
     60          #define MAC_CC2591_LGM_RSSI_ADJ_IDX   2
     61          #define MAC_CC2590_HGM_RSSI_ADJ_IDX   3
     62          #define MAC_CC2590_LGM_RSSI_ADJ_IDX   4
     63          
     64          /* ------------------------------------------------------------------------------------------------
     65           *                                           MACROS
     66           * ------------------------------------------------------------------------------------------------
     67           */
     68          
     69          /* ------------------------------------------------------------------------------------------------
     70           *                                       Function Prototypes
     71           * ------------------------------------------------------------------------------------------------
     72           */
     73          void MAC_RfFrontendSetup(void);
     74          
     75          /**************************************************************************************************
     76           * @fn          MAC_RfFrontendSetup
     77           *
     78           * @brief       Setup RF frontend.
     79           *
     80           * @param       none
     81           *
     82           * @return      none
     83           **************************************************************************************************
     84           */

   \                                 In  segment BANKED_CODE, align 1, keep-with-next
     85          void MAC_RfFrontendSetup(void)
   \                     MAC_RfFrontendSetup:
     86          {
   \   000000   C082         PUSH    DPL
   \   000002   C083         PUSH    DPH
   \   000004                ; Saved register size: 2
   \   000004                ; Auto size: 0
     87            /* CC2591 HGM pin control configuration. 
     88             *   P0_7 -> HGM
     89             */
     90            HAL_PA_LNA_RX_HGM();
     91            
     92            /* Raises the CCA threshold to about -70 dBm input level.
     93             */
     94            CCACTRL0 = CCA_THR_HGM;
   \   000004   906196       MOV     DPTR,#0x6196
   \   000007   7406         MOV     A,#0x6
   \   000009   F0           MOVX    @DPTR,A
     95          
     96            /* Select power register value table and RSSI adjustment value table */
     97            MAC_SetRadioRegTable(MAC_CC2591_TX_PWR_TABLE_IDX, MAC_CC2591_HGM_RSSI_ADJ_IDX);
   \   00000A                ; Setup parameters for call to function MAC_SetRadioRegTable
   \   00000A   7A01         MOV     R2,#0x1
   \   00000C   7901         MOV     R1,#0x1
   \   00000E   12....       LCALL   ??MAC_SetRadioRegTable?relay
     98          }
   \   000011   D083         POP     DPH
   \   000013   D082         POP     DPL
   \   000015   02....       LJMP    ?BRET

   \                                 In  segment BANK_RELAYS, align 1
   \                     ??MAC_RfFrontendSetup?relay:
   \   000000   12....       LCALL   ?BDISPATCH
   \   000003   ......       DC24    MAC_RfFrontendSetup
     99          
    100          /**************************************************************************************************
    101           */

   Maximum stack usage in bytes:

     Function                  ISTACK PSTACK XSTACK
     --------                  ------ ------ ------
     MAC_RfFrontendSetup           2      0      0
       -> MAC_SetRadioRegTable     4      0      0


   Segment part sizes:

     Function/Label              Bytes
     --------------              -----
     MAC_RfFrontendSetup           24
     ??MAC_RfFrontendSetup?relay    6

 
 24 bytes in segment BANKED_CODE
  6 bytes in segment BANK_RELAYS
 
 30 bytes of CODE memory

Errors: none
Warnings: none
