C51 COMPILER V9.00   CHENGXU                                                               05/12/2016 04:12:28 PAGE 1   


C51 COMPILER V9.00, COMPILATION OF MODULE CHENGXU
OBJECT MODULE PLACED IN chengxu.OBJ
COMPILER INVOKED BY: C:\Keil\C51\BIN\C51.EXE chengxu.c BROWSE DEBUG OBJECTEXTEND

line level    source

   1          /********************************************************************
   2                                  博易电子科技
   3          实现功能:此版配套测试程序
   4          使用芯片：AT89S52
   5          晶振：11.0592MHZ
   6          波特率：9600
   7          编译环境：Keil    
   8          *********************************************************************/
   9          /********************************************************************
  10          说明：1、       当测量浓度大于设定浓度时，单片机IO口输出低电平
  11          *********************************************************************/
  12          #include<reg52.h>              //库文件
  13          #define uchar unsigned char//宏定义无符号字符型
  14          #define uint unsigned int  //宏定义无符号整型
  15          
  16          /********************************************************************
  17                                      I/O定义
  18          *********************************************************************/
  19          sbit LED=P1^0;   //定义单片机P1口的第1位 （即P1.0）为指示端
  20          sbit DOUT=P2^0;  //定义单片机P2口的第1位 （即P2.0）为传感器的输入端
  21          /********************************************************************
  22                                      延时函数
  23          *********************************************************************/
  24          void delay()//延时程序
  25          {
  26   1      uchar m,n,s;
  27   1      for(m=20;m>0;m--)
  28   1      for(n=20;n>0;n--)
  29   1      for(s=248;s>0;s--);
  30   1      }
  31          /********************************************************************
  32                                      主函数
  33          *********************************************************************/
  34          void main()
  35          {
  36   1              while(1)   //无限循环
  37   1              {
  38   2               LED=1;    //熄灭P1.0口灯
  39   2               if(DOUT==0)//当浓度高于设定值时 ，执行条件函数
  40   2               {
  41   3              delay();//延时抗干扰
  42   3                      if(DOUT==0)//确定 浓度高于设定值时 ，执行条件函数
  43   3                  {
  44   4                       LED=0;    //点亮P1.0口灯
  45   4                      }
  46   3               }
  47   2              }
  48   1      }       
  49          /********************************************************************
  50                                        结束
  51          *********************************************************************/


MODULE INFORMATION:   STATIC OVERLAYABLE
   CODE SIZE        =     28    ----
C51 COMPILER V9.00   CHENGXU                                                               05/12/2016 04:12:28 PAGE 2   

   CONSTANT SIZE    =   ----    ----
   XDATA SIZE       =   ----    ----
   PDATA SIZE       =   ----    ----
   DATA SIZE        =   ----    ----
   IDATA SIZE       =   ----    ----
   BIT SIZE         =   ----    ----
END OF MODULE INFORMATION.


C51 COMPILATION COMPLETE.  0 WARNING(S),  0 ERROR(S)
