###############################################################################
#                                                                             #
# IAR C/C++ Compiler V8.10.1.10194/W32 for 8051         19/Dec/2019  18:56:46 #
# Copyright 2004-2011 IAR Systems AB.                                         #
#                                                                             #
#    Core               =  plain                                              #
#    Code model         =  banked                                             #
#    Data model         =  large                                              #
#    Calling convention =  xdata reentrant                                    #
#    Constant location  =  data_rom                                           #
#    Dptr setup         =  1,16                                               #
#    Source file        =  C:\Users\25814\Desktop\2020±œ…Ë\¿Ó∫∆_≥ËŒÔŒ—\”≤º˛≤ø #
#                          ∑÷\Projects\zstack\Samples\SampleApp\Source\HX711. #
#                          c                                                  #
#    Command line       =  -f C:\Users\25814\Desktop\2020±œ…Ë\¿Ó∫∆_≥ËŒÔŒ—\”≤º #
#                          ˛≤ø∑÷\Projects\zstack\Samples\SampleApp\CC2530DB\. #
#                          .\..\..\Tools\CC2530DB\f8wEndev.cfg (-DCPU32MHZ    #
#                          -DROOT=__near_func -DMAC_CFG_TX_DATA_MAX=3         #
#                          -DMAC_CFG_TX_MAX=6 -DMAC_CFG_RX_MAX=3) -f          #
#                          C:\Users\25814\Desktop\2020±œ…Ë\¿Ó∫∆_≥ËŒÔŒ—\”≤º˛≤ø #
#                          ∑÷\Projects\zstack\Samples\SampleApp\CC2530DB\..\. #
#                          .\..\Tools\CC2530DB\f8wConfig.cfg (-DZIGBEEPRO     #
#                          -DSECURE=0 -DZG_SECURE_DYNAMIC=0 -DREFLECTOR       #
#                          -DDEFAULT_CHANLIST=0x00000800                      #
#                          -DZDAPP_CONFIG_PAN_ID=0xFFF1                       #
#                          -DNWK_START_DELAY=100 -DEXTENDED_JOINING_RANDOM_MA #
#                          SK=0x007F -DBEACON_REQUEST_DELAY=100               #
#                          -DBEACON_REQ_DELAY_MASK=0x00FF                     #
#                          -DLINK_STATUS_JITTER_MASK=0x007F                   #
#                          -DROUTE_EXPIRY_TIME=30 -DAPSC_ACK_WAIT_DURATION_PO #
#                          LLED=3000 -DNWK_INDIRECT_MSG_TIMEOUT=7             #
#                          -DMAX_RREQ_ENTRIES=8 -DAPSC_MAX_FRAME_RETRIES=3    #
#                          -DNWK_MAX_DATA_RETRIES=2                           #
#                          -DMAX_POLL_FAILURE_RETRIES=2 -DMAX_BCAST=9         #
#                          -DAPS_MAX_GROUPS=16 -DMAX_RTG_ENTRIES=40           #
#                          -DNWK_MAX_BINDING_ENTRIES=4                        #
#                          -DMAX_BINDING_CLUSTER_IDS=4 "-DDEFAULT_KEY={0x01,  #
#                          0x03, 0x05, 0x07, 0x09, 0x0B, 0x0D, 0x0F, 0x00,    #
#                          0x02, 0x04, 0x06, 0x08, 0x0A, 0x0C, 0x0D}"         #
#                          -DMAC_MAX_FRAME_SIZE=116                           #
#                          -DZDNWKMGR_MIN_TRANSMISSIONS=20 "-DCONST=const     #
#                          __code" -DGENERIC=__generic                        #
#                          -DRFD_RCVC_ALWAYS_ON=FALSE -DPOLL_RATE=1000        #
#                          -DQUEUED_POLL_RATE=100 -DRESPONSE_POLL_RATE=100)   #
#                          -DREJOIN_POLL_RATE=440 C:\Users\25814\Desktop\2020 #
#                          ±œ…Ë\¿Ó∫∆_≥ËŒÔŒ—\”≤º˛≤ø∑÷\Projects\zstack\Samples\ #
#                          SampleApp\Source\HX711.c -D NWK_AUTO_POLL -D       #
#                          ZAPP_P1 -D MT_TASK -D MT_SYS_FUNC -D MT_ZDO_FUNC   #
#                          -D LCD_SUPPORTED=DEBUG -lC                         #
#                          C:\Users\25814\Desktop\2020±œ…Ë\¿Ó∫∆_≥ËŒÔŒ—\”≤º˛≤ø #
#                          ∑÷\Projects\zstack\Samples\SampleApp\CC2530DB\EndD #
#                          eviceEB\List\ -lA C:\Users\25814\Desktop\2020±œ…Ë\ #
#                          ¿Ó∫∆_≥ËŒÔŒ—\”≤º˛≤ø∑÷\Projects\zstack\Samples\Sampl #
#                          eApp\CC2530DB\EndDeviceEB\List\ --diag_suppress    #
#                          Pe001,Pa010 -o C:\Users\25814\Desktop\2020±œ…Ë\¿Ó∫ #
#                          ∆_≥ËŒÔŒ—\”≤º˛≤ø∑÷\Projects\zstack\Samples\SampleAp #
#                          p\CC2530DB\EndDeviceEB\Obj\ -e --no_code_motion    #
#                          --debug --core=plain --dptr=16,1                   #
#                          --data_model=large --code_model=banked             #
#                          --calling_convention=xdata_reentrant               #
#                          --place_constants=data_rom --nr_virtual_regs 16    #
#                          -I C:\Users\25814\Desktop\2020±œ…Ë\¿Ó∫∆_≥ËŒÔŒ—\”≤º #
#                          ˛≤ø∑÷\Projects\zstack\Samples\SampleApp\CC2530DB\  #
#                          -I C:\Users\25814\Desktop\2020±œ…Ë\¿Ó∫∆_≥ËŒÔŒ—\”≤º #
#                          ˛≤ø∑÷\Projects\zstack\Samples\SampleApp\CC2530DB\. #
#                          .\Source\ -I C:\Users\25814\Desktop\2020±œ…Ë\¿Ó∫∆_ #
#                          ≥ËŒÔŒ—\”≤º˛≤ø∑÷\Projects\zstack\Samples\SampleApp\ #
#                          CC2530DB\..\..\..\ZMain\TI2530DB\ -I               #
#                          C:\Users\25814\Desktop\2020±œ…Ë\¿Ó∫∆_≥ËŒÔŒ—\”≤º˛≤ø #
#                          ∑÷\Projects\zstack\Samples\SampleApp\CC2530DB\..\. #
#                          .\..\..\..\Components\hal\include\ -I              #
#                          C:\Users\25814\Desktop\2020±œ…Ë\¿Ó∫∆_≥ËŒÔŒ—\”≤º˛≤ø #
#                          ∑÷\Projects\zstack\Samples\SampleApp\CC2530DB\..\. #
#                          .\..\..\..\Components\hal\target\CC2530EB\ -I      #
#                          C:\Users\25814\Desktop\2020±œ…Ë\¿Ó∫∆_≥ËŒÔŒ—\”≤º˛≤ø #
#                          ∑÷\Projects\zstack\Samples\SampleApp\CC2530DB\..\. #
#                          .\..\..\..\Components\mac\include\ -I              #
#                          C:\Users\25814\Desktop\2020±œ…Ë\¿Ó∫∆_≥ËŒÔŒ—\”≤º˛≤ø #
#                          ∑÷\Projects\zstack\Samples\SampleApp\CC2530DB\..\. #
#                          .\..\..\..\Components\mac\high_level\ -I           #
#                          C:\Users\25814\Desktop\2020±œ…Ë\¿Ó∫∆_≥ËŒÔŒ—\”≤º˛≤ø #
#                          ∑÷\Projects\zstack\Samples\SampleApp\CC2530DB\..\. #
#                          .\..\..\..\Components\mac\low_level\srf04\ -I      #
#                          C:\Users\25814\Desktop\2020±œ…Ë\¿Ó∫∆_≥ËŒÔŒ—\”≤º˛≤ø #
#                          ∑÷\Projects\zstack\Samples\SampleApp\CC2530DB\..\. #
#                          .\..\..\..\Components\mac\low_level\srf04\single_c #
#                          hip\ -I C:\Users\25814\Desktop\2020±œ…Ë\¿Ó∫∆_≥ËŒÔŒ #
#                          —\”≤º˛≤ø∑÷\Projects\zstack\Samples\SampleApp\CC253 #
#                          0DB\..\..\..\..\..\Components\mt\ -I               #
#                          C:\Users\25814\Desktop\2020±œ…Ë\¿Ó∫∆_≥ËŒÔŒ—\”≤º˛≤ø #
#                          ∑÷\Projects\zstack\Samples\SampleApp\CC2530DB\..\. #
#                          .\..\..\..\Components\osal\include\ -I             #
#                          C:\Users\25814\Desktop\2020±œ…Ë\¿Ó∫∆_≥ËŒÔŒ—\”≤º˛≤ø #
#                          ∑÷\Projects\zstack\Samples\SampleApp\CC2530DB\..\. #
#                          .\..\..\..\Components\services\saddr\ -I           #
#                          C:\Users\25814\Desktop\2020±œ…Ë\¿Ó∫∆_≥ËŒÔŒ—\”≤º˛≤ø #
#                          ∑÷\Projects\zstack\Samples\SampleApp\CC2530DB\..\. #
#                          .\..\..\..\Components\services\sdata\ -I           #
#                          C:\Users\25814\Desktop\2020±œ…Ë\¿Ó∫∆_≥ËŒÔŒ—\”≤º˛≤ø #
#                          ∑÷\Projects\zstack\Samples\SampleApp\CC2530DB\..\. #
#                          .\..\..\..\Components\stack\af\ -I                 #
#                          C:\Users\25814\Desktop\2020±œ…Ë\¿Ó∫∆_≥ËŒÔŒ—\”≤º˛≤ø #
#                          ∑÷\Projects\zstack\Samples\SampleApp\CC2530DB\..\. #
#                          .\..\..\..\Components\stack\nwk\ -I                #
#                          C:\Users\25814\Desktop\2020±œ…Ë\¿Ó∫∆_≥ËŒÔŒ—\”≤º˛≤ø #
#                          ∑÷\Projects\zstack\Samples\SampleApp\CC2530DB\..\. #
#                          .\..\..\..\Components\stack\sapi\ -I               #
#                          C:\Users\25814\Desktop\2020±œ…Ë\¿Ó∫∆_≥ËŒÔŒ—\”≤º˛≤ø #
#                          ∑÷\Projects\zstack\Samples\SampleApp\CC2530DB\..\. #
#                          .\..\..\..\Components\stack\sec\ -I                #
#                          C:\Users\25814\Desktop\2020±œ…Ë\¿Ó∫∆_≥ËŒÔŒ—\”≤º˛≤ø #
#                          ∑÷\Projects\zstack\Samples\SampleApp\CC2530DB\..\. #
#                          .\..\..\..\Components\stack\sys\ -I                #
#                          C:\Users\25814\Desktop\2020±œ…Ë\¿Ó∫∆_≥ËŒÔŒ—\”≤º˛≤ø #
#                          ∑÷\Projects\zstack\Samples\SampleApp\CC2530DB\..\. #
#                          .\..\..\..\Components\stack\zdo\ -I                #
#                          C:\Users\25814\Desktop\2020±œ…Ë\¿Ó∫∆_≥ËŒÔŒ—\”≤º˛≤ø #
#                          ∑÷\Projects\zstack\Samples\SampleApp\CC2530DB\..\. #
#                          .\..\..\..\Components\zmac\ -I                     #
#                          C:\Users\25814\Desktop\2020±œ…Ë\¿Ó∫∆_≥ËŒÔŒ—\”≤º˛≤ø #
#                          ∑÷\Projects\zstack\Samples\SampleApp\CC2530DB\..\. #
#                          .\..\..\..\Components\zmac\f8w\ -Ohz               #
#    List file          =  C:\Users\25814\Desktop\2020±œ…Ë\¿Ó∫∆_≥ËŒÔŒ—\”≤º˛≤ø #
#                          ∑÷\Projects\zstack\Samples\SampleApp\CC2530DB\EndD #
#                          eviceEB\List\HX711.lst                             #
#    Object file        =  C:\Users\25814\Desktop\2020±œ…Ë\¿Ó∫∆_≥ËŒÔŒ—\”≤º˛≤ø #
#                          ∑÷\Projects\zstack\Samples\SampleApp\CC2530DB\EndD #
#                          eviceEB\Obj\HX711.r51                              #
#                                                                             #
#                                                                             #
###############################################################################

C:\Users\25814\Desktop\2020±œ…Ë\¿Ó∫∆_≥ËŒÔŒ—\”≤º˛≤ø∑÷\Projects\zstack\Samples\SampleApp\Source\HX711.c
      1          #include "HX711.h"

   \                                 In  segment SFR_AN, at 0x80
   \   union <unnamed> volatile __sfr _A_P0
   \                     _A_P0:
   \   000000                DS 1
      2          
      3          
      4          //****************************************************
      5          //—” ±∫Ø ˝
      6          //****************************************************

   \                                 In  segment BANKED_CODE, align 1, keep-with-next
      7          void Delay__hx711_us(void)
   \                     Delay__hx711_us:
      8          {
   \   000000                ; Saved register size: 0
   \   000000                ; Auto size: 0
      9              asm("nop");
   \   000000   00           nop
     10              asm("nop");
   \   000001   00           nop
     11              
     12          }
   \   000002   02....       LJMP    ?BRET
     13          /*
     14          void DelayMS(unsigned int msec)
     15          { 
     16            unsigned int i,j;
     17            for(i=0; i<msec; i++)
     18              for(j=0; j<1060;j++);
     19          }
     20          */
     21          //****************************************************
     22          //∂¡»°HX711
     23          //****************************************************

   \                                 In  segment BANKED_CODE, align 1, keep-with-next
     24          unsigned long HX711_Read(void)	//‘ˆ“Ê128
   \                     HX711_Read:
     25          {
   \   000000   74F4         MOV     A,#-0xc
   \   000002   12....       LCALL   ?BANKED_ENTER_XDATA
   \   000005                ; Saved register size: 12
   \   000005                ; Auto size: 0
     26           
     27                  unsigned long count; 
     28          	unsigned char i; 
     29            	HX711_DOUT=1; 
   \   000005   D286         SETB    0x80.6
     30          	Delay__hx711_us();
   \   000007                ; Setup parameters for call to function Delay__hx711_us
   \   000007   12....       LCALL   ?Subroutine0 & 0xFFFF
     31            	HX711_SCK=0; 
     32                 Delay__hx711_us();
     33            	count=0;
   \                     ??CrossCallReturnLabel_0:
   \   00000A   90....       MOV     DPTR,#__Constant_0
   \   00000D   78..         MOV     R0,#?V0 + 0
   \   00000F   12....       LCALL   ?L_MOV_X
     34          	//EA = 1; 
     35            	while(HX711_DOUT); 
   \                     ??HX711_Read_0:
   \   000012   A286         MOV     C,0x80.6
   \   000014   40FC         JC      ??HX711_Read_0
     36                  //EA = 0;
     37            	for(i=0;i<24;i++)
   \   000016   7E18         MOV     R6,#0x18
     38          	{ 
     39          	  	HX711_SCK=1; 
   \                     ??HX711_Read_1:
   \   000018   D285         SETB    0x80.5
     40                         Delay__hx711_us();
   \   00001A                ; Setup parameters for call to function Delay__hx711_us
   \   00001A   12....       LCALL   ??Delay__hx711_us?relay
     41          	  	count=count<<1; 
   \   00001D   7401         MOV     A,#0x1
   \   00001F   78..         MOV     R0,#?V0 + 0
   \   000021   12....       LCALL   ?L_SHL
     42          		HX711_SCK=0; 
   \   000024   C285         CLR     0x80.5
     43                          Delay__hx711_us();
   \   000026                ; Setup parameters for call to function Delay__hx711_us
   \   000026   12....       LCALL   ??Delay__hx711_us?relay
     44          	  	if(HX711_DOUT)
   \   000029   A286         MOV     C,0x80.6
   \   00002B   5008         JNC     ??HX711_Read_2
     45          			count++; 
   \   00002D   90....       MOV     DPTR,#__Constant_1
   \   000030   78..         MOV     R0,#?V0 + 0
   \   000032   12....       LCALL   ?L_ADD_X
     46          	} 
   \                     ??HX711_Read_2:
   \   000035   1E           DEC     R6
   \   000036   EE           MOV     A,R6
   \   000037   70DF         JNZ     ??HX711_Read_1
     47           	HX711_SCK=1; 
   \   000039   D285         SETB    0x80.5
     48                  count=count^0x800000;//µ⁄25∏ˆ¬ˆ≥Âœ¬Ωµ—ÿ¿¥ ±£¨◊™ªª ˝æ›
     49          	Delay__hx711_us();
   \   00003B                ; Setup parameters for call to function Delay__hx711_us
   \   00003B   12....       LCALL   ?Subroutine0 & 0xFFFF
     50          	HX711_SCK=0;  
     51                  Delay__hx711_us();
     52          	return(count);
   \                     ??CrossCallReturnLabel_1:
   \   00003E   90....       MOV     DPTR,#__Constant_800000
   \   000041   78..         MOV     R0,#?V0 + 0
   \   000043   12....       LCALL   ?L_XOR_X
   \   000046   AA..         MOV     R2,?V0 + 0
   \   000048   AB..         MOV     R3,?V0 + 1
   \   00004A   AC..         MOV     R4,?V0 + 2
   \   00004C   AD..         MOV     R5,?V0 + 3
   \   00004E   7F04         MOV     R7,#0x4
   \   000050   02....       LJMP    ?BANKED_LEAVE_XDATA
   \   000053                REQUIRE _A_P0
     53           
     54          }

   \                                 In  segment BANKED_CODE, align 1, keep-with-next
   \                     ?Subroutine0:
   \   000000   12....       LCALL   ??Delay__hx711_us?relay
   \   000003   C285         CLR     0x80.5
   \   000005                ; Setup parameters for call to function Delay__hx711_us
   \   000005                ; Setup parameters for call to function Delay__hx711_us
   \   000005   12....       LCALL   ??Delay__hx711_us?relay
   \   000008   22           RET

   \                                 In  segment XDATA_ROM_C, align 1
   \                     __Constant_0:
   \   000000   00000000     DD 0

   \                                 In  segment XDATA_ROM_C, align 1
   \                     __Constant_1:
   \   000000   01000000     DD 1

   \                                 In  segment XDATA_ROM_C, align 1
   \                     __Constant_800000:
   \   000000   00008000     DD 8388608

   \                                 In  segment BANK_RELAYS, align 1
   \                     ??Delay__hx711_us?relay:
   \   000000   12....       LCALL   ?BDISPATCH
   \   000003   ......       DC24    Delay__hx711_us

   \                                 In  segment BANK_RELAYS, align 1
   \                     ??HX711_Read?relay:
   \   000000   12....       LCALL   ?BDISPATCH
   \   000003   ......       DC24    HX711_Read
     55          
     56          
     57          
     58          
     59          
     60          

   Maximum stack usage in bytes:

     Function             ISTACK PSTACK XSTACK
     --------             ------ ------ ------
     Delay__hx711_us          0      0     12
     HX711_Read               0      0     12
       -> Delay__hx711_us     0      0     24
       -> Delay__hx711_us     0      0     24
       -> Delay__hx711_us     0      0     24
       -> Delay__hx711_us     0      0     24
       -> Delay__hx711_us     0      0     24
       -> Delay__hx711_us     0      0     24


   Segment part sizes:

     Function/Label          Bytes
     --------------          -----
     _A_P0                      1
     Delay__hx711_us            5
     HX711_Read                83
     ?Subroutine0               9
     __Constant_0               4
     __Constant_1               4
     __Constant_800000          4
     ??Delay__hx711_us?relay    6
     ??HX711_Read?relay         6

 
 97 bytes in segment BANKED_CODE
 12 bytes in segment BANK_RELAYS
  1 byte  in segment SFR_AN
 12 bytes in segment XDATA_ROM_C
 
 109 bytes of CODE  memory
   0 bytes of CONST memory (+ 12 bytes shared)
   0 bytes of DATA  memory (+  1 byte  shared)

Errors: none
Warnings: none
